mode: set
github.com/xavierpms/ratelimit/cmd/api/main.go:14.13,15.30 1 0
github.com/xavierpms/ratelimit/cmd/api/main.go:15.30,17.3 1 0
github.com/xavierpms/ratelimit/cmd/api/main.go:20.18,22.16 2 1
github.com/xavierpms/ratelimit/cmd/api/main.go:22.16,24.3 1 1
github.com/xavierpms/ratelimit/cmd/api/main.go:25.2,25.50 1 1
github.com/xavierpms/ratelimit/internal/domain/ratelimit/state.go:11.33,13.2 1 1
github.com/xavierpms/ratelimit/internal/domain/ratelimit/state.go:15.75,16.22 1 1
github.com/xavierpms/ratelimit/internal/domain/ratelimit/state.go:16.22,18.3 1 0
github.com/xavierpms/ratelimit/internal/domain/ratelimit/state.go:19.2,20.30 2 1
github.com/xavierpms/ratelimit/internal/app/server.go:16.62,20.2 3 1
github.com/xavierpms/ratelimit/internal/app/server.go:22.56,26.16 3 0
github.com/xavierpms/ratelimit/internal/app/server.go:26.16,28.3 1 0
github.com/xavierpms/ratelimit/internal/app/server.go:30.2,43.67 5 0
github.com/xavierpms/ratelimit/internal/app/server.go:43.67,45.3 1 0
github.com/xavierpms/ratelimit/internal/app/server.go:47.2,47.12 1 0
github.com/xavierpms/ratelimit/internal/config/env.go:21.36,23.16 2 1
github.com/xavierpms/ratelimit/internal/config/env.go:23.16,25.3 1 1
github.com/xavierpms/ratelimit/internal/config/env.go:27.2,28.16 2 1
github.com/xavierpms/ratelimit/internal/config/env.go:28.16,30.3 1 0
github.com/xavierpms/ratelimit/internal/config/env.go:32.2,33.16 2 1
github.com/xavierpms/ratelimit/internal/config/env.go:33.16,35.3 1 0
github.com/xavierpms/ratelimit/internal/config/env.go:37.2,38.16 2 1
github.com/xavierpms/ratelimit/internal/config/env.go:38.16,40.3 1 1
github.com/xavierpms/ratelimit/internal/config/env.go:42.2,43.59 2 1
github.com/xavierpms/ratelimit/internal/config/env.go:43.59,45.22 2 1
github.com/xavierpms/ratelimit/internal/config/env.go:45.22,47.4 1 1
github.com/xavierpms/ratelimit/internal/config/env.go:48.3,48.21 1 1
github.com/xavierpms/ratelimit/internal/config/env.go:51.2,52.20 2 1
github.com/xavierpms/ratelimit/internal/config/env.go:52.20,54.3 1 1
github.com/xavierpms/ratelimit/internal/config/env.go:56.2,65.8 1 1
github.com/xavierpms/ratelimit/internal/config/env.go:68.44,70.16 2 1
github.com/xavierpms/ratelimit/internal/config/env.go:70.16,72.3 1 0
github.com/xavierpms/ratelimit/internal/config/env.go:74.2,75.21 2 1
github.com/xavierpms/ratelimit/internal/config/env.go:75.21,77.3 1 1
github.com/xavierpms/ratelimit/internal/config/env.go:79.2,79.19 1 1
github.com/xavierpms/ratelimit/internal/config/env.go:82.50,84.17 2 1
github.com/xavierpms/ratelimit/internal/config/env.go:84.17,86.3 1 1
github.com/xavierpms/ratelimit/internal/config/env.go:87.2,87.19 1 1
github.com/xavierpms/ratelimit/internal/usecase/rate_limit_usecase.go:22.196,32.18 2 1
github.com/xavierpms/ratelimit/internal/usecase/rate_limit_usecase.go:32.18,34.3 1 0
github.com/xavierpms/ratelimit/internal/usecase/rate_limit_usecase.go:35.2,35.11 1 1
github.com/xavierpms/ratelimit/internal/usecase/rate_limit_usecase.go:38.53,40.16 2 1
github.com/xavierpms/ratelimit/internal/usecase/rate_limit_usecase.go:40.16,43.3 2 1
github.com/xavierpms/ratelimit/internal/usecase/rate_limit_usecase.go:45.2,45.23 1 1
github.com/xavierpms/ratelimit/internal/usecase/rate_limit_usecase.go:45.23,47.3 1 0
github.com/xavierpms/ratelimit/internal/usecase/rate_limit_usecase.go:49.2,50.66 2 1
github.com/xavierpms/ratelimit/internal/usecase/rate_limit_usecase.go:50.66,52.3 1 1
github.com/xavierpms/ratelimit/internal/usecase/rate_limit_usecase.go:54.2,54.24 1 1
github.com/xavierpms/ratelimit/internal/usecase/rate_limit_usecase.go:54.24,55.104 1 1
github.com/xavierpms/ratelimit/internal/usecase/rate_limit_usecase.go:55.104,57.4 1 0
github.com/xavierpms/ratelimit/internal/usecase/rate_limit_usecase.go:58.3,58.15 1 1
github.com/xavierpms/ratelimit/internal/usecase/rate_limit_usecase.go:61.2,61.101 1 1
github.com/xavierpms/ratelimit/internal/usecase/rate_limit_usecase.go:61.101,64.3 2 0
github.com/xavierpms/ratelimit/internal/usecase/rate_limit_usecase.go:66.2,66.13 1 1
github.com/xavierpms/ratelimit/internal/usecase/rate_limit_usecase.go:69.72,71.35 2 1
github.com/xavierpms/ratelimit/internal/usecase/rate_limit_usecase.go:71.35,73.57 2 1
github.com/xavierpms/ratelimit/internal/usecase/rate_limit_usecase.go:73.57,75.4 1 0
github.com/xavierpms/ratelimit/internal/usecase/rate_limit_usecase.go:76.3,76.22 1 1
github.com/xavierpms/ratelimit/internal/usecase/rate_limit_usecase.go:78.2,78.16 1 1
github.com/xavierpms/ratelimit/internal/usecase/rate_limit_usecase.go:78.16,80.3 1 1
github.com/xavierpms/ratelimit/internal/usecase/rate_limit_usecase.go:82.2,82.19 1 1
github.com/xavierpms/ratelimit/internal/usecase/rate_limit_usecase.go:85.65,87.2 1 1
github.com/xavierpms/ratelimit/internal/usecase/rate_limit_usecase.go:89.62,91.2 1 1
github.com/xavierpms/ratelimit/internal/usecase/rate_limit_usecase.go:93.38,97.6 3 0
github.com/xavierpms/ratelimit/internal/usecase/rate_limit_usecase.go:97.6,98.10 1 0
github.com/xavierpms/ratelimit/internal/usecase/rate_limit_usecase.go:99.24,100.10 1 0
github.com/xavierpms/ratelimit/internal/usecase/rate_limit_usecase.go:101.19,103.18 2 0
github.com/xavierpms/ratelimit/internal/usecase/rate_limit_usecase.go:103.18,105.13 2 0
github.com/xavierpms/ratelimit/internal/usecase/rate_limit_usecase.go:107.4,107.29 1 0
github.com/xavierpms/ratelimit/internal/usecase/rate_limit_usecase.go:107.29,108.56 1 0
github.com/xavierpms/ratelimit/internal/usecase/rate_limit_usecase.go:108.56,110.6 1 0
github.com/xavierpms/ratelimit/internal/web/handler/hello.go:8.64,14.16 3 1
github.com/xavierpms/ratelimit/internal/web/handler/hello.go:14.16,17.3 2 0
github.com/xavierpms/ratelimit/internal/web/handler/hello.go:19.2,21.26 3 1
github.com/xavierpms/ratelimit/internal/web/middleware/rate_limit.go:12.75,14.74 1 1
github.com/xavierpms/ratelimit/internal/web/middleware/rate_limit.go:14.74,16.17 2 1
github.com/xavierpms/ratelimit/internal/web/middleware/rate_limit.go:16.17,19.4 2 1
github.com/xavierpms/ratelimit/internal/web/middleware/rate_limit.go:21.3,22.32 2 1
github.com/xavierpms/ratelimit/internal/web/middleware/rate_limit.go:22.32,25.4 2 1
github.com/xavierpms/ratelimit/internal/web/middleware/rate_limit.go:26.3,26.23 1 1
github.com/xavierpms/ratelimit/internal/web/middleware/rate_limit.go:29.2,29.15 1 1
github.com/xavierpms/ratelimit/internal/database/rate_limit_repository.go:16.81,18.2 1 1
github.com/xavierpms/ratelimit/internal/database/rate_limit_repository.go:20.98,22.33 2 1
github.com/xavierpms/ratelimit/internal/database/rate_limit_repository.go:22.33,24.3 1 1
github.com/xavierpms/ratelimit/internal/database/rate_limit_repository.go:25.2,25.16 1 1
github.com/xavierpms/ratelimit/internal/database/rate_limit_repository.go:25.16,27.3 1 0
github.com/xavierpms/ratelimit/internal/database/rate_limit_repository.go:29.2,30.60 2 1
github.com/xavierpms/ratelimit/internal/database/rate_limit_repository.go:30.60,32.3 1 0
github.com/xavierpms/ratelimit/internal/database/rate_limit_repository.go:34.2,34.19 1 1
github.com/xavierpms/ratelimit/internal/database/rate_limit_repository.go:37.91,39.16 2 1
github.com/xavierpms/ratelimit/internal/database/rate_limit_repository.go:39.16,41.3 1 0
github.com/xavierpms/ratelimit/internal/database/rate_limit_repository.go:42.2,42.43 1 1
github.com/xavierpms/ratelimit/internal/database/rate_limit_repository.go:45.84,47.2 1 1
github.com/xavierpms/ratelimit/internal/database/rate_limit_repository.go:49.82,51.2 1 1
github.com/xavierpms/ratelimit/internal/database/redis.go:13.94,22.16 4 1
github.com/xavierpms/ratelimit/internal/database/redis.go:22.16,24.3 1 1
github.com/xavierpms/ratelimit/internal/database/redis.go:26.2,28.8 1 1
github.com/xavierpms/ratelimit/internal/database/redis.go:31.75,33.22 2 1
github.com/xavierpms/ratelimit/internal/database/redis.go:33.22,35.3 1 1
github.com/xavierpms/ratelimit/internal/database/redis.go:36.2,36.20 1 1
github.com/xavierpms/ratelimit/internal/database/redis.go:40.78,43.2 1 1
github.com/xavierpms/ratelimit/internal/database/redis.go:45.83,48.2 1 1
github.com/xavierpms/ratelimit/internal/database/redis.go:50.66,52.2 1 1
github.com/xavierpms/ratelimit/internal/database/token.go:17.71,19.42 2 1
github.com/xavierpms/ratelimit/internal/database/token.go:19.42,21.3 1 0
github.com/xavierpms/ratelimit/internal/database/token.go:22.2,23.24 2 1
github.com/xavierpms/ratelimit/internal/database/token.go:23.24,25.18 2 1
github.com/xavierpms/ratelimit/internal/database/token.go:25.18,26.12 1 1
github.com/xavierpms/ratelimit/internal/database/token.go:29.3,30.17 2 1
github.com/xavierpms/ratelimit/internal/database/token.go:30.17,31.12 1 1
github.com/xavierpms/ratelimit/internal/database/token.go:33.3,34.65 2 1
github.com/xavierpms/ratelimit/internal/database/token.go:36.2,36.18 1 1
github.com/xavierpms/ratelimit/internal/database/token.go:39.55,42.2 2 1
github.com/xavierpms/ratelimit/internal/database/token.go:44.55,46.2 1 0
